2025-12-24 22:46:19 - [31m[1mWARNING: This is a development server. Do not use it in a production deployment. Use a production WSGI server instead.[0m
 * Running on all addresses (0.0.0.0)
 * Running on http://127.0.0.1:5000
 * Running on http://192.168.1.17:5000
2025-12-24 22:46:19 - [33mPress CTRL+C to quit[0m
2026-01-02 12:19:01 - [31m[1mWARNING: This is a development server. Do not use it in a production deployment. Use a production WSGI server instead.[0m
 * Running on all addresses (0.0.0.0)
 * Running on http://127.0.0.1:5000
 * Running on http://192.168.1.8:5000
2026-01-02 12:19:01 - [33mPress CTRL+C to quit[0m
2026-01-02 12:19:01 - 127.0.0.1 - - [02/Jan/2026 12:19:01] "GET / HTTP/1.1" 200 -
2026-01-02 12:19:03 - 127.0.0.1 - - [02/Jan/2026 12:19:03] "GET /video_feed HTTP/1.1" 200 -
2026-01-02 12:19:04 - 127.0.0.1 - - [02/Jan/2026 12:19:04] "GET /interval HTTP/1.1" 200 -
2026-01-02 12:19:04 - 127.0.0.1 - - [02/Jan/2026 12:19:04] "[33mGET /favicon.ico HTTP/1.1[0m" 404 -
2026-01-02 12:19:04 - Pen detected - Center: (346, 308), Angle: 147.5 deg
2026-01-02 12:19:04 - Pen detected - Center: (353, 179), Angle: 176.0 deg
2026-01-02 12:19:05 - Pen detected - Center: (346, 309), Angle: 147.5 deg
2026-01-02 12:19:05 - Pen detected - Center: (354, 179), Angle: 177.9 deg
2026-01-02 12:19:05 - Pen detected - Center: (343, 306), Angle: 147.3 deg
2026-01-02 12:19:05 - Pen detected - Center: (351, 175), Angle: 179.0 deg
2026-01-02 12:19:06 - Pen detected - Center: (331, 297), Angle: 147.7 deg
2026-01-02 12:19:06 - Pen detected - Center: (339, 165), Angle: 178.7 deg
2026-01-02 12:19:07 - Pen detected - Center: (329, 297), Angle: 147.3 deg
2026-01-02 12:19:07 - Pen detected - Center: (337, 165), Angle: 0.6 deg
2026-01-02 12:19:08 - Pen detected - Center: (314, 231), Angle: 141.0 deg
2026-01-02 12:19:08 - Pen detected - Center: (306, 89), Angle: 177.8 deg
2026-01-02 12:19:08 - Pen detected - Center: (94, 49), Angle: 0.0 deg
2026-01-02 12:19:08 - Pen detected - Center: (309, 275), Angle: 141.4 deg
2026-01-02 12:19:08 - Pen detected - Center: (301, 135), Angle: 178.2 deg
2026-01-02 12:19:09 - Pen detected - Center: (305, 256), Angle: 141.9 deg
2026-01-02 12:19:09 - Pen detected - Center: (301, 114), Angle: 0.8 deg
2026-01-02 12:19:09 - Pen detected - Center: (94, 49), Angle: 0.0 deg
2026-01-02 12:19:09 - Pen detected - Center: (301, 261), Angle: 141.9 deg
2026-01-02 12:19:09 - Pen detected - Center: (299, 119), Angle: 176.7 deg
2026-01-02 12:19:09 - Pen detected - Center: (94, 49), Angle: 0.4 deg
2026-01-02 12:19:10 - Pen detected - Center: (322, 285), Angle: 143.5 deg
2026-01-02 12:19:10 - Pen detected - Center: (320, 144), Angle: 4.1 deg
2026-01-02 12:19:10 - Pen detected - Center: (325, 267), Angle: 144.2 deg
2026-01-02 12:19:10 - Pen detected - Center: (324, 131), Angle: 177.1 deg
2026-01-02 12:19:10 - Pen detected - Center: (318, 244), Angle: 144.3 deg
2026-01-02 12:19:10 - Pen detected - Center: (321, 108), Angle: 177.3 deg
2026-01-02 12:19:11 - Pen detected - Center: (329, 245), Angle: 144.5 deg
2026-01-02 12:19:11 - Pen detected - Center: (332, 109), Angle: 178.2 deg
2026-01-02 12:19:11 - Pen detected - Center: (329, 249), Angle: 144.8 deg
2026-01-02 12:19:11 - Pen detected - Center: (331, 115), Angle: 176.5 deg
2026-01-02 12:19:12 - Pen detected - Center: (329, 247), Angle: 144.9 deg
2026-01-02 12:19:12 - Pen detected - Center: (332, 113), Angle: 176.5 deg
2026-01-02 12:19:12 - Pen detected - Center: (326, 244), Angle: 145.0 deg
2026-01-02 12:19:12 - Pen detected - Center: (330, 110), Angle: 178.2 deg
2026-01-02 12:19:13 - Pen detected - Center: (325, 243), Angle: 144.9 deg
2026-01-02 12:19:13 - Pen detected - Center: (327, 109), Angle: 177.8 deg
2026-01-02 12:19:13 - Pen detected - Center: (325, 243), Angle: 144.9 deg
2026-01-02 12:19:13 - Pen detected - Center: (329, 109), Angle: 177.3 deg
2026-01-02 12:19:13 - Pen detected - Center: (324, 243), Angle: 144.9 deg
2026-01-02 12:19:13 - Pen detected - Center: (328, 109), Angle: 178.0 deg
2026-01-02 12:19:14 - Pen detected - Center: (323, 243), Angle: 144.9 deg
2026-01-02 12:19:14 - Pen detected - Center: (326, 109), Angle: 177.3 deg
2026-01-02 12:19:15 - Pen detected - Center: (325, 244), Angle: 144.9 deg
2026-01-02 12:19:15 - Pen detected - Center: (327, 110), Angle: 177.9 deg
2026-01-02 12:19:15 - Pen detected - Center: (324, 245), Angle: 145.0 deg
2026-01-02 12:19:15 - Pen detected - Center: (328, 110), Angle: 178.2 deg
2026-01-02 12:19:16 - Pen detected - Center: (324, 243), Angle: 145.0 deg
2026-01-02 12:19:16 - Pen detected - Center: (327, 110), Angle: 177.6 deg
2026-01-02 12:19:17 - Pen detected - Center: (324, 239), Angle: 145.0 deg
2026-01-02 12:19:17 - Pen detected - Center: (327, 105), Angle: 178.9 deg
2026-01-02 12:19:18 - Pen detected - Center: (393, 290), Angle: 142.4 deg
2026-01-02 12:19:18 - Pen detected - Center: (388, 151), Angle: 176.3 deg
2026-01-02 12:19:18 - Pen detected - Center: (402, 289), Angle: 143.2 deg
2026-01-02 12:19:18 - Pen detected - Center: (399, 150), Angle: 179.2 deg
2026-01-02 12:19:19 - Pen detected - Center: (374, 271), Angle: 143.0 deg
2026-01-02 12:19:19 - Pen detected - Center: (370, 135), Angle: 179.4 deg
2026-01-02 12:19:19 - Pen detected - Center: (365, 265), Angle: 142.9 deg
2026-01-02 12:19:19 - Pen detected - Center: (362, 129), Angle: 176.2 deg
2026-01-02 12:19:20 - Pen detected - Center: (368, 267), Angle: 142.8 deg
2026-01-02 12:19:20 - Pen detected - Center: (364, 132), Angle: 175.4 deg
2026-01-02 12:19:21 - Pen detected - Center: (375, 151), Angle: 166.9 deg
2026-01-02 12:19:21 - Pen detected - Center: (377, 288), Angle: 142.2 deg
2026-01-02 12:19:22 - Pen detected - Center: (391, 165), Angle: 168.4 deg
2026-01-02 12:19:22 - 127.0.0.1 - - [02/Jan/2026 12:19:22] "POST /interval HTTP/1.1" 200 -
2026-01-02 12:19:22 - Pen detected - Center: (369, 270), Angle: 143.2 deg
2026-01-02 12:19:22 - Pen detected - Center: (366, 136), Angle: 174.4 deg
2026-01-02 12:19:32 - Pen detected - Center: (403, 325), Angle: 142.8 deg
2026-01-02 12:19:32 - Pen detected - Center: (399, 191), Angle: 176.1 deg
2026-01-02 12:19:32 - 127.0.0.1 - - [02/Jan/2026 12:19:32] "POST /interval HTTP/1.1" 200 -
2026-01-02 12:19:34 - Pen detected - Center: (425, 271), Angle: 145.1 deg
2026-01-02 12:19:34 - Pen detected - Center: (426, 143), Angle: 174.5 deg
2026-01-02 12:19:35 - 127.0.0.1 - - [02/Jan/2026 12:19:35] "POST /interval HTTP/1.1" 200 -
2026-01-02 12:19:36 - Pen detected - Center: (413, 261), Angle: 145.1 deg
2026-01-02 12:19:36 - Pen detected - Center: (414, 132), Angle: 171.7 deg
2026-01-02 12:19:38 - Pen detected - Center: (411, 256), Angle: 145.1 deg
2026-01-02 12:19:38 - Pen detected - Center: (414, 126), Angle: 170.2 deg
2026-01-02 12:19:40 - Pen detected - Center: (412, 259), Angle: 145.2 deg
2026-01-02 12:19:40 - Pen detected - Center: (415, 130), Angle: 172.9 deg
2026-01-02 12:19:42 - Pen detected - Center: (464, 218), Angle: 2.1 deg
2026-01-02 12:19:44 - Pen detected - Center: (467, 220), Angle: 3.5 deg
2026-01-02 12:19:44 - Pen detected - Center: (108, 237), Angle: 79.2 deg
2026-01-02 12:19:46 - Pen detected - Center: (25, 304), Angle: 84.2 deg
2026-01-02 12:19:46 - Pen detected - Center: (161, 251), Angle: 84.3 deg
2026-01-02 12:19:48 - Pen detected - Center: (292, 289), Angle: 175.5 deg
2026-01-02 12:19:50 - Pen detected - Center: (290, 292), Angle: 174.9 deg
2026-01-02 12:19:52 - Pen detected - Center: (304, 311), Angle: 0.6 deg
2026-01-02 12:19:54 - Pen detected - Center: (376, 316), Angle: 4.3 deg
2026-01-02 12:19:56 - Pen detected - Center: (349, 299), Angle: 0.5 deg
2026-01-02 12:19:58 - Pen detected - Center: (347, 292), Angle: 2.1 deg
2026-01-02 12:20:00 - Pen detected - Center: (503, 303), Angle: 18.5 deg
2026-01-02 12:20:00 - Pen detected - Center: (81, 241), Angle: 89.9 deg
2026-01-02 12:20:02 - Pen detected - Center: (422, 236), Angle: 3.6 deg
2026-01-02 12:20:02 - Pen detected - Center: (320, 153), Angle: 176.9 deg
2026-01-02 12:20:02 - Pen detected - Center: (95, 51), Angle: 0.3 deg
2026-01-02 12:20:05 - Pen detected - Center: (322, 253), Angle: 2.5 deg
2026-01-02 12:20:05 - Pen detected - Center: (406, 333), Angle: 6.2 deg
2026-01-02 12:20:06 - Pen detected - Center: (411, 335), Angle: 5.7 deg
2026-01-02 12:20:06 - Pen detected - Center: (323, 256), Angle: 179.7 deg
2026-01-02 12:20:09 - Pen detected - Center: (402, 332), Angle: 5.1 deg
2026-01-02 12:20:10 - Pen detected - Center: (312, 253), Angle: 1.1 deg
2026-01-02 12:20:13 - Pen detected - Center: (306, 250), Angle: 178.9 deg
2026-01-02 12:20:13 - Pen detected - Center: (435, 330), Angle: 0.1 deg
2026-01-02 12:20:13 - Pen detected - Center: (392, 328), Angle: 4.8 deg
2026-01-02 12:20:15 - Pen detected - Center: (297, 243), Angle: 179.8 deg
2026-01-02 12:20:15 - Pen detected - Center: (427, 322), Angle: 179.6 deg
2026-01-02 12:20:15 - Pen detected - Center: (381, 319), Angle: 4.4 deg
2026-01-02 12:20:17 - Pen detected - Center: (287, 235), Angle: 178.9 deg
2026-01-02 12:20:17 - Pen detected - Center: (417, 313), Angle: 179.7 deg
2026-01-02 12:20:17 - Pen detected - Center: (372, 309), Angle: 3.5 deg
2026-01-02 12:20:19 - Pen detected - Center: (375, 308), Angle: 3.6 deg
2026-01-02 12:20:19 - Pen detected - Center: (286, 233), Angle: 177.2 deg
2026-01-02 12:20:19 - Pen detected - Center: (415, 312), Angle: 0.8 deg
2026-01-02 12:20:21 - Pen detected - Center: (284, 232), Angle: 178.0 deg
2026-01-02 12:20:21 - Pen detected - Center: (372, 307), Angle: 3.4 deg
2026-01-02 12:20:21 - Pen detected - Center: (403, 309), Angle: 2.2 deg
2026-01-02 12:20:23 - Pen detected - Center: (281, 226), Angle: 177.6 deg
2026-01-02 12:20:23 - Pen detected - Center: (358, 300), Angle: 2.7 deg
2026-01-02 12:20:23 - Pen detected - Center: (94, 49), Angle: 179.8 deg
2026-01-02 12:20:25 - Pen detected - Center: (597, 354), Angle: 107.5 deg
2026-01-02 12:20:27 - Pen detected - Center: (325, 306), Angle: 2.2 deg
2026-01-02 12:20:29 - Pen detected - Center: (441, 275), Angle: 15.9 deg
2026-01-02 12:20:31 - Pen detected - Center: (425, 191), Angle: 15.8 deg
2026-01-02 12:20:33 - Pen detected - Center: (442, 170), Angle: 15.4 deg
2026-01-02 12:20:35 - Pen detected - Center: (438, 166), Angle: 12.5 deg
2026-01-02 12:20:35 - Pen detected - Center: (342, 191), Angle: 5.9 deg
2026-01-02 12:20:37 - Pen detected - Center: (440, 166), Angle: 13.0 deg
2026-01-02 12:20:37 - Pen detected - Center: (344, 193), Angle: 6.3 deg
2026-01-02 12:20:39 - Pen detected - Center: (440, 162), Angle: 13.8 deg
2026-01-02 12:20:39 - Pen detected - Center: (343, 189), Angle: 4.9 deg
2026-01-02 12:20:41 - Pen detected - Center: (442, 161), Angle: 15.1 deg
2026-01-02 12:20:41 - Pen detected - Center: (342, 189), Angle: 7.6 deg
2026-01-02 12:20:41 - Pen detected - Center: (401, 250), Angle: 2.0 deg
2026-01-02 12:20:43 - Pen detected - Center: (442, 161), Angle: 14.8 deg
2026-01-02 12:20:43 - Pen detected - Center: (343, 188), Angle: 6.8 deg
2026-01-02 12:20:43 - Pen detected - Center: (94, 52), Angle: 0.0 deg
2026-01-02 12:20:45 - Pen detected - Center: (445, 160), Angle: 15.2 deg
2026-01-02 12:20:45 - Pen detected - Center: (405, 250), Angle: 2.7 deg
2026-01-02 12:20:47 - Pen detected - Center: (444, 161), Angle: 15.2 deg
2026-01-02 12:20:47 - Pen detected - Center: (94, 52), Angle: 0.0 deg
2026-01-02 12:20:47 - Pen detected - Center: (402, 249), Angle: 2.0 deg
2026-01-02 12:20:49 - Pen detected - Center: (444, 160), Angle: 15.2 deg
2026-01-02 12:20:49 - Pen detected - Center: (409, 250), Angle: 2.9 deg
2026-01-02 12:20:49 - Pen detected - Center: (346, 188), Angle: 4.4 deg
2026-01-02 12:20:49 - Pen detected - Center: (94, 52), Angle: 0.0 deg
2026-01-02 12:20:51 - Pen detected - Center: (442, 160), Angle: 14.4 deg
2026-01-02 12:20:51 - Pen detected - Center: (410, 251), Angle: 3.1 deg
2026-01-02 12:20:51 - Pen detected - Center: (345, 188), Angle: 5.0 deg
2026-01-02 12:20:51 - Pen detected - Center: (94, 52), Angle: 0.0 deg
2026-01-02 12:20:53 - Pen detected - Center: (443, 162), Angle: 15.3 deg
2026-01-02 12:20:53 - Pen detected - Center: (344, 189), Angle: 6.6 deg
2026-01-02 13:49:37 - [31m[1mWARNING: This is a development server. Do not use it in a production deployment. Use a production WSGI server instead.[0m
 * Running on all addresses (0.0.0.0)
 * Running on http://127.0.0.1:5000
 * Running on http://192.168.1.8:5000
2026-01-02 13:49:37 - [33mPress CTRL+C to quit[0m
2026-01-02 13:49:56 - 127.0.0.1 - - [02/Jan/2026 13:49:56] "GET / HTTP/1.1" 200 -
2026-01-02 13:49:58 - Pen detected - Center: (540, 466), Angle: 29.4 deg
2026-01-02 13:49:58 - Pen detected - Center: (195, 678), Angle: 178.6 deg
2026-01-02 13:49:58 - Pen detected - Center: (451, 623), Angle: 7.4 deg
2026-01-02 13:49:58 - Pen detected - Center: (120, 24), Angle: 6.1 deg
2026-01-02 13:49:58 - Pen detected - Center: (348, 117), Angle: 171.1 deg
2026-01-02 13:49:58 - 127.0.0.1 - - [02/Jan/2026 13:49:58] "GET /video_feed HTTP/1.1" 200 -
2026-01-02 13:49:59 - Pen detected - Center: (663, 306), Angle: 29.3 deg
2026-01-02 13:49:59 - Pen detected - Center: (570, 462), Angle: 13.2 deg
2026-01-02 13:49:59 - Pen detected - Center: (648, 323), Angle: 28.7 deg
2026-01-02 13:49:59 - Pen detected - Center: (546, 488), Angle: 4.4 deg
2026-01-02 13:49:59 - Pen detected - Center: (235, 27), Angle: 175.3 deg
2026-01-02 13:49:59 - Pen detected - Center: (309, 565), Angle: 174.4 deg
2026-01-02 13:50:00 - Pen detected - Center: (649, 316), Angle: 29.0 deg
2026-01-02 13:50:00 - Pen detected - Center: (596, 495), Angle: 5.6 deg
2026-01-02 13:50:00 - Pen detected - Center: (305, 558), Angle: 174.5 deg
2026-01-02 13:50:00 - Pen detected - Center: (180, 22), Angle: 177.3 deg
2026-01-02 13:50:00 - Pen detected - Center: (647, 320), Angle: 29.1 deg
2026-01-02 13:50:00 - Pen detected - Center: (567, 492), Angle: 4.5 deg
2026-01-02 13:50:00 - Pen detected - Center: (185, 22), Angle: 179.4 deg
2026-01-02 13:50:01 - Pen detected - Center: (304, 561), Angle: 175.8 deg
2026-01-02 13:50:01 - Pen detected - Center: (654, 314), Angle: 29.3 deg
2026-01-02 13:50:01 - Pen detected - Center: (572, 482), Angle: 4.8 deg
2026-01-02 13:50:01 - Pen detected - Center: (310, 552), Angle: 174.4 deg
2026-01-02 13:50:01 - Pen detected - Center: (653, 319), Angle: 29.2 deg
2026-01-02 13:50:01 - Pen detected - Center: (587, 495), Angle: 3.8 deg
2026-01-02 13:50:01 - Pen detected - Center: (185, 21), Angle: 179.3 deg
2026-01-02 13:50:01 - Pen detected - Center: (309, 558), Angle: 174.1 deg
2026-01-02 13:50:02 - Pen detected - Center: (642, 330), Angle: 28.8 deg
2026-01-02 13:50:02 - Pen detected - Center: (536, 502), Angle: 4.5 deg
2026-01-02 13:50:02 - Pen detected - Center: (299, 571), Angle: 174.2 deg
2026-01-02 13:50:02 - Pen detected - Center: (262, 27), Angle: 176.4 deg
2026-01-02 13:50:02 - Pen detected - Center: (651, 309), Angle: 29.2 deg
2026-01-02 13:50:02 - Pen detected - Center: (584, 479), Angle: 7.2 deg
2026-01-02 13:50:02 - Pen detected - Center: (306, 548), Angle: 174.2 deg
2026-01-02 13:50:03 - Pen detected - Center: (632, 316), Angle: 29.0 deg
2026-01-02 13:50:03 - Pen detected - Center: (569, 495), Angle: 6.3 deg
2026-01-02 13:50:03 - Pen detected - Center: (286, 559), Angle: 174.1 deg
2026-01-02 13:50:03 - Pen detected - Center: (628, 315), Angle: 29.2 deg
2026-01-02 13:50:03 - Pen detected - Center: (549, 491), Angle: 5.7 deg
2026-01-02 13:50:03 - Pen detected - Center: (280, 558), Angle: 174.6 deg
2026-01-02 13:50:04 - Pen detected - Center: (622, 325), Angle: 29.0 deg
2026-01-02 13:50:04 - Pen detected - Center: (521, 502), Angle: 3.8 deg
2026-01-02 13:50:04 - Pen detected - Center: (279, 570), Angle: 172.9 deg
2026-01-02 13:50:04 - Pen detected - Center: (182, 26), Angle: 177.2 deg
2026-01-02 13:50:04 - Pen detected - Center: (623, 318), Angle: 29.1 deg
2026-01-02 13:50:04 - Pen detected - Center: (557, 496), Angle: 7.2 deg
2026-01-02 13:50:04 - Pen detected - Center: (279, 559), Angle: 174.2 deg
2026-01-02 13:50:04 - Pen detected - Center: (651, 326), Angle: 29.2 deg
2026-01-02 13:50:05 - Pen detected - Center: (623, 300), Angle: 29.3 deg
2026-01-02 13:50:05 - Pen detected - Center: (513, 466), Angle: 1.5 deg
2026-01-02 13:50:05 - Pen detected - Center: (281, 538), Angle: 175.8 deg
2026-01-02 13:50:05 - Pen detected - Center: (543, 464), Angle: 4.5 deg
2026-01-02 13:50:05 - Pen detected - Center: (624, 296), Angle: 29.6 deg
2026-01-02 13:50:05 - Pen detected - Center: (282, 535), Angle: 174.9 deg
2026-01-02 13:50:06 - Pen detected - Center: (549, 461), Angle: 3.8 deg
2026-01-02 13:50:06 - Pen detected - Center: (628, 279), Angle: 29.6 deg
2026-01-02 13:50:06 - Pen detected - Center: (285, 515), Angle: 177.0 deg
2026-01-02 13:50:06 - Pen detected - Center: (625, 270), Angle: 30.0 deg
2026-01-02 13:50:06 - Pen detected - Center: (278, 506), Angle: 179.1 deg
2026-01-02 13:50:06 - Pen detected - Center: (527, 459), Angle: 179.1 deg
2026-01-02 13:50:07 - Pen detected - Center: (613, 278), Angle: 29.5 deg
2026-01-02 13:50:07 - Pen detected - Center: (523, 462), Angle: 2.4 deg
2026-01-02 13:50:07 - Pen detected - Center: (268, 517), Angle: 175.3 deg
2026-01-02 13:50:07 - Pen detected - Center: (606, 289), Angle: 29.4 deg
2026-01-02 13:50:07 - Pen detected - Center: (520, 466), Angle: 3.1 deg
2026-01-02 13:50:07 - Pen detected - Center: (255, 532), Angle: 174.1 deg
2026-01-02 13:50:08 - 127.0.0.1 - - [02/Jan/2026 13:50:08] "GET /interval HTTP/1.1" 200 -
2026-01-02 13:50:08 - 127.0.0.1 - - [02/Jan/2026 13:50:08] "[33mGET /favicon.ico HTTP/1.1[0m" 404 -
2026-01-02 13:50:08 - Pen detected - Center: (605, 303), Angle: 29.3 deg
2026-01-02 13:50:08 - Pen detected - Center: (529, 479), Angle: 6.6 deg
2026-01-02 13:50:08 - Pen detected - Center: (256, 546), Angle: 172.6 deg
2026-01-02 13:50:08 - Pen detected - Center: (600, 296), Angle: 29.4 deg
2026-01-02 13:50:08 - Pen detected - Center: (531, 466), Angle: 8.8 deg
2026-01-02 13:50:08 - Pen detected - Center: (254, 544), Angle: 173.3 deg
2026-01-02 13:50:09 - Pen detected - Center: (599, 315), Angle: 29.0 deg
2026-01-02 13:50:09 - Pen detected - Center: (500, 489), Angle: 3.4 deg
2026-01-02 13:50:09 - Pen detected - Center: (247, 566), Angle: 173.0 deg
2026-01-02 13:50:09 - Pen detected - Center: (595, 332), Angle: 28.9 deg
2026-01-02 13:50:09 - Pen detected - Center: (481, 510), Angle: 2.1 deg
2026-01-02 13:50:09 - Pen detected - Center: (243, 587), Angle: 172.0 deg
2026-01-02 13:50:09 - Pen detected - Center: (606, 325), Angle: 29.0 deg
2026-01-02 13:50:09 - Pen detected - Center: (491, 501), Angle: 3.4 deg
2026-01-02 13:50:09 - Pen detected - Center: (255, 576), Angle: 172.9 deg
2026-01-02 13:50:10 - Pen detected - Center: (609, 327), Angle: 29.3 deg
2026-01-02 13:50:10 - Pen detected - Center: (506, 504), Angle: 4.2 deg
2026-01-02 13:50:10 - Pen detected - Center: (258, 574), Angle: 172.9 deg
2026-01-02 13:50:10 - Pen detected - Center: (608, 331), Angle: 29.3 deg
2026-01-02 13:50:10 - Pen detected - Center: (494, 508), Angle: 2.9 deg
2026-01-02 13:50:10 - Pen detected - Center: (258, 578), Angle: 172.7 deg
2026-01-02 13:50:10 - Pen detected - Center: (211, 25), Angle: 175.3 deg
2026-01-02 13:50:11 - Pen detected - Center: (609, 333), Angle: 29.3 deg
2026-01-02 13:50:11 - Pen detected - Center: (496, 509), Angle: 2.6 deg
2026-01-02 13:50:11 - Pen detected - Center: (260, 579), Angle: 173.2 deg
2026-01-02 13:50:11 - Pen detected - Center: (222, 28), Angle: 174.1 deg
2026-01-02 13:50:11 - Pen detected - Center: (603, 333), Angle: 29.4 deg
2026-01-02 13:50:11 - Pen detected - Center: (481, 509), Angle: 1.1 deg
2026-01-02 13:50:11 - Pen detected - Center: (256, 583), Angle: 172.4 deg
2026-01-02 13:50:11 - Pen detected - Center: (597, 335), Angle: 29.2 deg
2026-01-02 13:50:11 - Pen detected - Center: (485, 510), Angle: 2.2 deg
2026-01-02 13:50:12 - Pen detected - Center: (247, 586), Angle: 172.5 deg
2026-01-02 13:50:12 - Pen detected - Center: (25, 677), Angle: 67.8 deg
2026-01-02 13:50:12 - Pen detected - Center: (598, 335), Angle: 29.1 deg
2026-01-02 13:50:12 - Pen detected - Center: (480, 510), Angle: 2.4 deg
2026-01-02 13:50:12 - Pen detected - Center: (247, 586), Angle: 171.9 deg
2026-01-02 13:50:12 - Pen detected - Center: (598, 336), Angle: 29.2 deg
2026-01-02 13:50:12 - Pen detected - Center: (479, 512), Angle: 2.5 deg
2026-01-02 13:50:12 - Pen detected - Center: (248, 587), Angle: 172.8 deg
2026-01-02 13:50:12 - Pen detected - Center: (24, 677), Angle: 68.0 deg
2026-01-02 13:50:13 - Pen detected - Center: (600, 343), Angle: 29.2 deg
2026-01-02 13:50:13 - Pen detected - Center: (476, 521), Angle: 4.3 deg
2026-01-02 13:50:13 - Pen detected - Center: (250, 593), Angle: 170.6 deg
2026-01-02 13:50:13 - Pen detected - Center: (602, 343), Angle: 29.4 deg
2026-01-02 13:50:13 - Pen detected - Center: (471, 527), Angle: 2.7 deg
2026-01-02 13:50:13 - Pen detected - Center: (255, 593), Angle: 172.7 deg
2026-01-02 13:50:14 - Pen detected - Center: (605, 347), Angle: 29.2 deg
2026-01-02 13:50:14 - Pen detected - Center: (483, 534), Angle: 2.6 deg
2026-01-02 13:50:14 - Pen detected - Center: (258, 595), Angle: 172.1 deg
2026-01-02 13:50:14 - Pen detected - Center: (332, 31), Angle: 173.4 deg
2026-01-02 13:50:14 - Pen detected - Center: (27, 674), Angle: 67.1 deg
2026-01-02 13:50:14 - Pen detected - Center: (608, 350), Angle: 29.0 deg
2026-01-02 13:50:14 - Pen detected - Center: (470, 524), Angle: 1.5 deg
2026-01-02 13:50:14 - Pen detected - Center: (317, 36), Angle: 173.0 deg
2026-01-02 13:50:14 - Pen detected - Center: (260, 597), Angle: 172.7 deg
2026-01-02 13:50:14 - Pen detected - Center: (27, 673), Angle: 67.8 deg
2026-01-02 13:50:14 - Pen detected - Center: (606, 347), Angle: 28.9 deg
2026-01-02 13:50:14 - Pen detected - Center: (465, 531), Angle: 0.8 deg
2026-01-02 13:50:14 - Pen detected - Center: (260, 596), Angle: 172.0 deg
2026-01-02 13:50:15 - Pen detected - Center: (320, 33), Angle: 173.7 deg
2026-01-02 13:50:15 - Pen detected - Center: (611, 345), Angle: 29.2 deg
2026-01-02 13:50:15 - Pen detected - Center: (483, 532), Angle: 2.3 deg
2026-01-02 13:50:15 - Pen detected - Center: (265, 594), Angle: 172.8 deg
2026-01-02 13:50:15 - Pen detected - Center: (315, 32), Angle: 173.4 deg
2026-01-02 13:50:15 - Pen detected - Center: (610, 348), Angle: 29.3 deg
2026-01-02 13:50:15 - Pen detected - Center: (489, 527), Angle: 1.4 deg
2026-01-02 13:50:15 - Pen detected - Center: (265, 597), Angle: 172.9 deg
2026-01-02 13:50:15 - Pen detected - Center: (326, 34), Angle: 173.3 deg
2026-01-02 13:50:16 - Pen detected - Center: (613, 351), Angle: 29.3 deg
2026-01-02 13:50:16 - Pen detected - Center: (497, 533), Angle: 1.6 deg
2026-01-02 13:50:16 - Pen detected - Center: (267, 598), Angle: 172.2 deg
2026-01-02 13:50:16 - Pen detected - Center: (323, 36), Angle: 173.1 deg
2026-01-02 13:50:16 - Pen detected - Center: (617, 353), Angle: 29.2 deg
2026-01-02 13:50:16 - Pen detected - Center: (489, 533), Angle: 3.3 deg
2026-01-02 13:50:16 - Pen detected - Center: (272, 599), Angle: 171.9 deg
2026-01-02 13:50:16 - Pen detected - Center: (336, 37), Angle: 172.8 deg
2026-01-02 13:50:17 - Pen detected - Center: (616, 354), Angle: 29.2 deg
2026-01-02 13:50:17 - Pen detected - Center: (500, 542), Angle: 2.4 deg
2026-01-02 13:50:17 - Pen detected - Center: (273, 600), Angle: 171.8 deg
2026-01-02 13:50:17 - Pen detected - Center: (334, 39), Angle: 172.7 deg
2026-01-02 13:50:17 - Pen detected - Center: (617, 360), Angle: 29.1 deg
2026-01-02 13:50:17 - Pen detected - Center: (518, 542), Angle: 3.3 deg
2026-01-02 13:50:17 - Pen detected - Center: (276, 604), Angle: 169.1 deg
2026-01-02 13:50:17 - Pen detected - Center: (352, 39), Angle: 172.4 deg
2026-01-02 13:50:18 - Pen detected - Center: (612, 365), Angle: 27.4 deg
2026-01-02 13:50:18 - Pen detected - Center: (513, 535), Angle: 5.4 deg
2026-01-02 13:50:18 - Pen detected - Center: (270, 609), Angle: 169.1 deg
2026-01-02 13:50:18 - Pen detected - Center: (348, 41), Angle: 171.9 deg
2026-01-02 13:50:18 - Pen detected - Center: (605, 361), Angle: 27.7 deg
2026-01-02 13:50:18 - Pen detected - Center: (504, 533), Angle: 5.2 deg
2026-01-02 13:50:18 - Pen detected - Center: (264, 611), Angle: 170.3 deg
2026-01-02 13:50:18 - Pen detected - Center: (339, 40), Angle: 171.8 deg
2026-01-02 13:50:19 - Pen detected - Center: (611, 360), Angle: 28.4 deg
2026-01-02 13:50:19 - Pen detected - Center: (497, 537), Angle: 3.5 deg
2026-01-02 13:50:19 - Pen detected - Center: (270, 607), Angle: 171.5 deg
2026-01-02 13:50:19 - Pen detected - Center: (341, 40), Angle: 172.1 deg
2026-01-02 13:50:19 - Pen detected - Center: (610, 371), Angle: 27.5 deg
2026-01-02 13:50:19 - Pen detected - Center: (537, 538), Angle: 4.7 deg
2026-01-02 13:50:19 - Pen detected - Center: (269, 613), Angle: 171.1 deg
2026-01-02 13:50:19 - Pen detected - Center: (383, 39), Angle: 172.2 deg
2026-01-02 13:50:19 - Pen detected - Center: (602, 385), Angle: 27.7 deg
2026-01-02 13:50:20 - Pen detected - Center: (500, 559), Angle: 5.3 deg
2026-01-02 13:50:20 - Pen detected - Center: (425, 39), Angle: 173.1 deg
2026-01-02 13:50:20 - Pen detected - Center: (6, 57), Angle: 90.0 deg
2026-01-02 13:50:20 - Pen detected - Center: (611, 370), Angle: 27.6 deg
2026-01-02 13:50:20 - Pen detected - Center: (516, 540), Angle: 3.3 deg
2026-01-02 13:50:20 - Pen detected - Center: (269, 613), Angle: 170.7 deg
2026-01-02 13:50:20 - Pen detected - Center: (603, 383), Angle: 27.1 deg
2026-01-02 13:50:20 - Pen detected - Center: (550, 551), Angle: 7.5 deg
2026-01-02 13:50:20 - Pen detected - Center: (6, 57), Angle: 90.0 deg
2026-01-02 13:50:20 - Pen detected - Center: (423, 40), Angle: 172.2 deg
2026-01-02 13:50:20 - Pen detected - Center: (345, 26), Angle: 179.9 deg
2026-01-02 13:50:21 - Pen detected - Center: (605, 392), Angle: 29.2 deg
2026-01-02 13:50:21 - Pen detected - Center: (559, 572), Angle: 3.9 deg
2026-01-02 13:50:21 - Pen detected - Center: (420, 49), Angle: 171.3 deg
2026-01-02 13:50:21 - Pen detected - Center: (10, 58), Angle: 88.7 deg
2026-01-02 13:50:21 - Pen detected - Center: (589, 404), Angle: 26.7 deg
2026-01-02 13:50:21 - Pen detected - Center: (531, 567), Angle: 5.5 deg
2026-01-02 13:50:21 - Pen detected - Center: (391, 59), Angle: 171.1 deg
2026-01-02 13:50:21 - Pen detected - Center: (227, 639), Angle: 163.1 deg
2026-01-02 13:50:21 - Pen detected - Center: (10, 61), Angle: 88.3 deg
2026-01-02 13:50:22 - Pen detected - Center: (590, 402), Angle: 26.3 deg
2026-01-02 13:50:22 - Pen detected - Center: (401, 58), Angle: 170.7 deg
2026-01-02 13:50:22 - Pen detected - Center: (513, 569), Angle: 3.0 deg
2026-01-02 13:50:22 - Pen detected - Center: (234, 638), Angle: 167.9 deg
2026-01-02 13:50:22 - Pen detected - Center: (10, 60), Angle: 89.8 deg
2026-01-02 13:50:22 - Pen detected - Center: (592, 392), Angle: 29.2 deg
2026-01-02 13:50:22 - 127.0.0.1 - - [02/Jan/2026 13:50:22] "POST /interval HTTP/1.1" 200 -
2026-01-02 13:50:22 - Pen detected - Center: (545, 571), Angle: 5.0 deg
2026-01-02 13:50:22 - Pen detected - Center: (403, 51), Angle: 170.9 deg
2026-01-02 13:50:22 - Pen detected - Center: (10, 58), Angle: 89.8 deg
2026-01-02 13:50:22 - Pen detected - Center: (231, 635), Angle: 169.3 deg
2026-01-02 13:50:22 - Pen detected - Center: (26, 67), Angle: 79.1 deg
2026-01-02 13:50:32 - Pen detected - Center: (1022, 90), Angle: 27.1 deg
2026-01-02 13:50:32 - Pen detected - Center: (609, 348), Angle: 177.9 deg
2026-01-02 13:50:42 - Pen detected - Center: (668, 450), Angle: 38.8 deg
2026-01-02 13:50:42 - Pen detected - Center: (39, 33), Angle: 141.0 deg
2026-01-02 13:50:52 - Pen detected - Center: (620, 485), Angle: 39.4 deg
2026-01-02 13:50:52 - Pen detected - Center: (36, 33), Angle: 136.9 deg
2026-01-02 13:51:01 - 127.0.0.1 - - [02/Jan/2026 13:51:01] "POST /interval HTTP/1.1" 200 -
2026-01-02 13:51:01 - Pen detected - Center: (633, 467), Angle: 39.9 deg
2026-01-02 13:51:06 - Pen detected - Center: (642, 472), Angle: 40.1 deg
2026-01-02 13:51:06 - Pen detected - Center: (41, 34), Angle: 141.3 deg
2026-01-02 13:51:10 - 127.0.0.1 - - [02/Jan/2026 13:51:10] "[33mPOST /toggle_system HTTP/1.1[0m" 404 -
2026-01-02 13:51:11 - Pen detected - Center: (640, 471), Angle: 40.1 deg
2026-01-02 13:51:11 - Pen detected - Center: (42, 36), Angle: 140.6 deg
2026-01-02 13:51:16 - Pen detected - Center: (823, 409), Angle: 54.5 deg
2026-01-02 13:51:21 - Pen detected - Center: (1045, 279), Angle: 54.8 deg
2026-01-02 13:51:24 - 127.0.0.1 - - [02/Jan/2026 13:51:24] "[33mPOST /toggle_system HTTP/1.1[0m" 404 -
2026-01-02 13:51:26 - Pen detected - Center: (172, 93), Angle: 163.5 deg
2026-01-02 13:51:31 - Pen detected - Center: (511, 492), Angle: 35.4 deg
2026-01-02 13:51:32 - 127.0.0.1 - - [02/Jan/2026 13:51:32] "POST /interval HTTP/1.1" 200 -
2026-01-02 13:51:34 - 127.0.0.1 - - [02/Jan/2026 13:51:34] "POST /interval HTTP/1.1" 200 -
2026-01-02 13:51:35 - 127.0.0.1 - - [02/Jan/2026 13:51:35] "POST /interval HTTP/1.1" 200 -
2026-01-02 13:51:41 - Pen detected - Center: (666, 477), Angle: 33.0 deg
2026-01-02 13:51:51 - Pen detected - Center: (1121, 241), Angle: 49.7 deg
2026-01-02 13:51:51 - Pen detected - Center: (115, 648), Angle: 22.9 deg
2026-01-02 14:02:25 - [31m[1mWARNING: This is a development server. Do not use it in a production deployment. Use a production WSGI server instead.[0m
 * Running on all addresses (0.0.0.0)
 * Running on http://127.0.0.1:5000
 * Running on http://192.168.1.8:5000
2026-01-02 14:02:25 - [33mPress CTRL+C to quit[0m
2026-01-02 14:02:26 - 127.0.0.1 - - [02/Jan/2026 14:02:26] "GET / HTTP/1.1" 200 -
2026-01-02 14:02:27 - Pen detected - Center: (741, 527), Angle: 26.5 deg
2026-01-02 14:02:27 - 127.0.0.1 - - [02/Jan/2026 14:02:27] "GET /video_feed HTTP/1.1" 200 -
2026-01-02 14:02:28 - Pen detected - Center: (746, 527), Angle: 26.9 deg
2026-01-02 14:02:28 - 127.0.0.1 - - [02/Jan/2026 14:02:28] "GET /interval HTTP/1.1" 200 -
2026-01-02 14:02:28 - Pen detected - Center: (735, 525), Angle: 26.8 deg
2026-01-02 14:02:28 - Pen detected - Center: (732, 527), Angle: 26.6 deg
2026-01-02 14:02:29 - Pen detected - Center: (753, 533), Angle: 26.9 deg
2026-01-02 14:02:34 - Pen detected - Center: (760, 454), Angle: 27.2 deg
2026-01-02 14:02:34 - Pen detected - Center: (746, 444), Angle: 26.7 deg
2026-01-02 14:02:34 - Pen detected - Center: (729, 433), Angle: 26.5 deg
2026-01-02 14:02:35 - Pen detected - Center: (728, 416), Angle: 26.6 deg
2026-01-02 14:02:35 - Pen detected - Center: (730, 419), Angle: 26.7 deg
2026-01-02 14:02:35 - Pen detected - Center: (733, 424), Angle: 26.7 deg
2026-01-02 14:02:36 - Pen detected - Center: (735, 423), Angle: 26.7 deg
2026-01-02 14:02:36 - Pen detected - Center: (735, 428), Angle: 26.5 deg
2026-01-02 14:02:36 - Pen detected - Center: (737, 427), Angle: 26.8 deg
2026-01-02 14:02:37 - Pen detected - Center: (736, 427), Angle: 26.7 deg
2026-01-02 14:02:37 - Pen detected - Center: (743, 421), Angle: 26.7 deg
2026-01-02 14:02:37 - Pen detected - Center: (740, 419), Angle: 26.6 deg
2026-01-02 14:02:37 - Pen detected - Center: (740, 424), Angle: 26.6 deg
2026-01-02 14:02:38 - Pen detected - Center: (741, 431), Angle: 26.8 deg
2026-01-02 14:02:38 - Pen detected - Center: (741, 431), Angle: 26.8 deg
2026-01-02 14:02:38 - Pen detected - Center: (744, 428), Angle: 26.7 deg
2026-01-02 14:02:39 - Pen detected - Center: (746, 426), Angle: 27.0 deg
2026-01-02 14:02:39 - Pen detected - Center: (746, 424), Angle: 26.8 deg
2026-01-02 14:02:39 - Pen detected - Center: (757, 413), Angle: 27.1 deg
2026-01-02 14:02:40 - Pen detected - Center: (778, 400), Angle: 27.0 deg
2026-01-02 14:02:41 - Pen detected - Center: (773, 406), Angle: 27.1 deg
2026-01-02 14:02:41 - Pen detected - Center: (776, 414), Angle: 27.2 deg
2026-01-02 14:02:42 - Pen detected - Center: (770, 415), Angle: 27.1 deg
2026-01-02 14:02:42 - Pen detected - Center: (765, 413), Angle: 27.4 deg
2026-01-02 14:02:42 - Pen detected - Center: (773, 411), Angle: 27.2 deg
2026-01-02 14:02:42 - 127.0.0.1 - - [02/Jan/2026 14:02:42] "POST /interval HTTP/1.1" 200 -
2026-01-02 14:02:42 - Pen detected - Center: (771, 405), Angle: 27.3 deg
2026-01-02 14:02:47 - Pen detected - Center: (803, 415), Angle: 27.5 deg
2026-01-02 14:02:52 - Pen detected - Center: (680, 408), Angle: 26.3 deg
2026-01-02 14:02:57 - Pen detected - Center: (387, 661), Angle: 23.0 deg
2026-01-02 14:03:02 - Pen detected - Center: (696, 167), Angle: 14.7 deg
2026-01-02 14:03:08 - Pen detected - Center: (690, 234), Angle: 14.9 deg
2026-01-02 14:03:08 - Pen detected - Center: (583, 511), Angle: 19.7 deg
2026-01-02 14:03:13 - Pen detected - Center: (703, 344), Angle: 16.1 deg
2026-01-02 14:03:13 - Pen detected - Center: (849, 178), Angle: 174.6 deg
2026-01-02 14:03:13 - Pen detected - Center: (614, 608), Angle: 19.5 deg
2026-01-02 14:03:18 - Pen detected - Center: (665, 339), Angle: 15.2 deg
2026-01-02 14:03:18 - Pen detected - Center: (808, 172), Angle: 173.5 deg
2026-01-02 14:03:18 - Pen detected - Center: (91, 11), Angle: 155.5 deg
2026-01-02 14:03:23 - Pen detected - Center: (631, 323), Angle: 14.6 deg
2026-01-02 14:03:23 - Pen detected - Center: (780, 160), Angle: 172.3 deg
2026-01-02 14:03:28 - Pen detected - Center: (593, 490), Angle: 138.5 deg
2026-01-02 14:03:28 - Pen detected - Center: (727, 238), Angle: 172.7 deg
2026-01-02 14:03:28 - Pen detected - Center: (427, 362), Angle: 15.4 deg
2026-01-02 14:03:33 - Pen detected - Center: (449, 490), Angle: 120.8 deg
2026-01-02 14:03:33 - Pen detected - Center: (347, 321), Angle: 15.3 deg
2026-01-02 14:03:33 - Pen detected - Center: (43, 26), Angle: 151.7 deg
2026-01-02 14:03:33 - Pen detected - Center: (52, 20), Angle: 164.1 deg
2026-01-02 14:03:38 - Pen detected - Center: (442, 487), Angle: 122.0 deg
2026-01-02 14:03:38 - Pen detected - Center: (40, 31), Angle: 144.4 deg
2026-01-02 14:03:38 - Pen detected - Center: (335, 326), Angle: 14.8 deg
2026-01-02 14:04:01 - 127.0.0.1 - - [02/Jan/2026 14:04:01] "[33mPOST /toggle_system HTTP/1.1[0m" 404 -
